<?xml version="1.0" encoding="UTF-8"?>
<robot generator="Robot 4.1.2 (Python 3.10.1 on win32)" generated="20211214 09:59:32.925" rpa="false" schemaversion="2">
<suite id="s1" name="Chico" source="D:\CertifieldTechDeveloper\CTD_Codigos\CodigosBII\Testing\ProvaFinal\Chico.robot">
<test id="s1-t1" name="Processo de compra de uma camiseta &quot;Vira lata caramelo&quot; no site do Chico Rei">
<kw name="Clicar em &quot;Concordar&quot; no aviso sobre Cookies" library="Chico">
<kw name="Open Browser" library="SeleniumLibrary">
<arg>${SITE}</arg>
<arg>${NAVEGADOR}</arg>
<doc>Opens a new browser instance to the optional ``url``.</doc>
<msg timestamp="20211214 09:59:33.383" level="INFO">Opening browser 'Chrome' to base url 'https://chicorei.com/'.</msg>
<status status="PASS" starttime="20211214 09:59:33.382" endtime="20211214 09:59:37.901"/>
</kw>
<kw name="Maximize Browser Window" library="SeleniumLibrary">
<doc>Maximizes current browser window.</doc>
<status status="PASS" starttime="20211214 09:59:37.902" endtime="20211214 09:59:38.021"/>
</kw>
<kw name="Sleep" library="BuiltIn">
<arg>3</arg>
<doc>Pauses the test executed for the given time.</doc>
<msg timestamp="20211214 09:59:41.026" level="INFO">Slept 3 seconds</msg>
<status status="PASS" starttime="20211214 09:59:38.022" endtime="20211214 09:59:41.026"/>
</kw>
<kw name="Click Element" library="SeleniumLibrary">
<arg>${COOKIES}</arg>
<doc>Click the element identified by ``locator``.</doc>
<msg timestamp="20211214 09:59:41.026" level="INFO">Clicking element 'css=#confirmPolicyButton'.</msg>
<status status="PASS" starttime="20211214 09:59:41.026" endtime="20211214 09:59:41.087"/>
</kw>
<status status="PASS" starttime="20211214 09:59:33.382" endtime="20211214 09:59:41.087"/>
</kw>
<kw name="Pesquisar por &quot;Vira lata caramelo&quot; e selecionar a primeira opção da lista de resultados" library="Chico">
<kw name="Input Text" library="SeleniumLibrary">
<arg>${CAMPO}</arg>
<arg>${PESQUISA0}</arg>
<doc>Types the given ``text`` into the text field identified by ``locator``.</doc>
<msg timestamp="20211214 09:59:41.089" level="INFO">Typing text 'Vira lata caramelo' into text field 'css=#header-search-input-desktop'.</msg>
<status status="PASS" starttime="20211214 09:59:41.089" endtime="20211214 09:59:41.209"/>
</kw>
<kw name="Wait Until Element Is Visible" library="SeleniumLibrary">
<arg>${OFERTA}</arg>
<doc>Waits until the element ``locator`` is visible.</doc>
<status status="PASS" starttime="20211214 09:59:41.209" endtime="20211214 09:59:42.533"/>
</kw>
<kw name="Click Element" library="SeleniumLibrary">
<arg>${OFERTA}</arg>
<doc>Click the element identified by ``locator``.</doc>
<msg timestamp="20211214 09:59:42.533" level="INFO">Clicking element 'css=#header-search-desktop &gt; form &gt; div &gt; div &gt; div &gt; div:nth-child(1) &gt; div &gt; div.search-result-thumb.flex-child-fixed &gt; img'.</msg>
<status status="PASS" starttime="20211214 09:59:42.533" endtime="20211214 09:59:43.722"/>
</kw>
<status status="PASS" starttime="20211214 09:59:41.088" endtime="20211214 09:59:43.722"/>
</kw>
<kw name="Validar se o valor do produto é &quot;R$ 69,90&quot;" library="Chico">
<kw name="Wait Until Element Is Visible" library="SeleniumLibrary">
<arg>${VALOR}</arg>
<doc>Waits until the element ``locator`` is visible.</doc>
<status status="PASS" starttime="20211214 09:59:43.723" endtime="20211214 09:59:43.784"/>
</kw>
<kw name="Element Should Contain" library="SeleniumLibrary">
<arg>${VALOR}</arg>
<arg>${PRECO}</arg>
<doc>Verifies that element ``locator`` contains text ``expected``.</doc>
<msg timestamp="20211214 09:59:43.801" level="INFO">Element 'css=#product-main-right &gt; div:nth-child(1) &gt; div.product-price.text-yanone &gt; div &gt; p.h2.text-accent.mx-0.my-0.mr.flex-child-fixed.text-bold' contains text 'R$ 69,90'.</msg>
<status status="PASS" starttime="20211214 09:59:43.784" endtime="20211214 09:59:43.801"/>
</kw>
<status status="PASS" starttime="20211214 09:59:43.723" endtime="20211214 09:59:43.801"/>
</kw>
<kw name="Selecionar um tamanho, cor e clicar em comprar" library="Chico">
<kw name="Wait Until Element Is Visible" library="SeleniumLibrary">
<arg>${TAMANHO}</arg>
<doc>Waits until the element ``locator`` is visible.</doc>
<status status="PASS" starttime="20211214 09:59:43.802" endtime="20211214 09:59:43.831"/>
</kw>
<kw name="Click Element" library="SeleniumLibrary">
<arg>${TAMANHO}</arg>
<doc>Click the element identified by ``locator``.</doc>
<msg timestamp="20211214 09:59:43.831" level="INFO">Clicking element 'css=#product-variations &gt; div.text-yanone &gt; div &gt; div:nth-child(4) &gt; nav &gt; div:nth-child(2)'.</msg>
<status status="PASS" starttime="20211214 09:59:43.831" endtime="20211214 09:59:43.993"/>
</kw>
<kw name="Click Element" library="SeleniumLibrary">
<arg>${COR}</arg>
<doc>Click the element identified by ``locator``.</doc>
<msg timestamp="20211214 09:59:43.994" level="INFO">Clicking element 'css=#product-variations &gt; div.text-yanone &gt; div &gt; div:nth-child(6) &gt; nav &gt; div:nth-child(1) &gt; div.product-color-option'.</msg>
<status status="PASS" starttime="20211214 09:59:43.993" endtime="20211214 09:59:44.067"/>
</kw>
<kw name="Click Element" library="SeleniumLibrary">
<arg>${COMPRAR}</arg>
<doc>Click the element identified by ``locator``.</doc>
<msg timestamp="20211214 09:59:44.067" level="INFO">Clicking element 'css=#product-buy-button-container &gt; button'.</msg>
<status status="PASS" starttime="20211214 09:59:44.067" endtime="20211214 09:59:44.136"/>
</kw>
<status status="PASS" starttime="20211214 09:59:43.801" endtime="20211214 09:59:44.137"/>
</kw>
<kw name="Clicar em &quot;Ver sacola&quot;" library="Chico">
<kw name="Wait Until Element Is Visible" library="SeleniumLibrary">
<arg>${SACOLA}</arg>
<doc>Waits until the element ``locator`` is visible.</doc>
<kw name="Capture Page Screenshot" library="SeleniumLibrary">
<doc>Takes a screenshot of the current page and embeds it into a log file.</doc>
<msg timestamp="20211214 09:59:49.548" level="INFO" html="true">&lt;/td&gt;&lt;/tr&gt;&lt;tr&gt;&lt;td colspan="3"&gt;&lt;a href="selenium-screenshot-12.png"&gt;&lt;img src="selenium-screenshot-12.png" width="800px"&gt;&lt;/a&gt;</msg>
<status status="PASS" starttime="20211214 09:59:49.271" endtime="20211214 09:59:49.548"/>
</kw>
<msg timestamp="20211214 09:59:49.578" level="FAIL">Element 'css=#header-cart-popover &gt; div &gt; div.text-center &gt; a.btn.btn-lg.mb' not visible after 5 seconds.</msg>
<status status="FAIL" starttime="20211214 09:59:44.137" endtime="20211214 09:59:49.578"/>
</kw>
<kw name="Click Element" library="SeleniumLibrary">
<arg>${SACOLA}</arg>
<doc>Click the element identified by ``locator``.</doc>
<status status="NOT RUN" starttime="20211214 09:59:49.578" endtime="20211214 09:59:49.578"/>
</kw>
<status status="FAIL" starttime="20211214 09:59:44.137" endtime="20211214 09:59:49.579"/>
</kw>
<kw name="Validar se a mensagem &quot;VOCÊ ESTÁ ACUMULANDO 1 PONTO NO CARTÃO FIDELIDADE!&quot; está sendo exibida" library="Chico">
<status status="NOT RUN" starttime="20211214 09:59:49.579" endtime="20211214 09:59:49.579"/>
</kw>
<kw name="Clicar em &quot;Fechar pedido&quot;" library="Chico">
<status status="NOT RUN" starttime="20211214 09:59:49.580" endtime="20211214 09:59:49.580"/>
</kw>
<status status="FAIL" starttime="20211214 09:59:33.381" endtime="20211214 09:59:49.580">Element 'css=#header-cart-popover &gt; div &gt; div.text-center &gt; a.btn.btn-lg.mb' not visible after 5 seconds.</status>
</test>
<test id="s1-t2" name="Processo de compra de uma camiseta &quot;Amarelo é Desespero&quot; no site do Chico Rei">
<kw name="Clicar em &quot;Concordar&quot; no aviso sobre Cookies" library="Chico">
<kw name="Open Browser" library="SeleniumLibrary">
<arg>${SITE}</arg>
<arg>${NAVEGADOR}</arg>
<doc>Opens a new browser instance to the optional ``url``.</doc>
<msg timestamp="20211214 09:59:49.582" level="INFO">Opening browser 'Chrome' to base url 'https://chicorei.com/'.</msg>
<status status="PASS" starttime="20211214 09:59:49.582" endtime="20211214 09:59:54.960"/>
</kw>
<kw name="Maximize Browser Window" library="SeleniumLibrary">
<doc>Maximizes current browser window.</doc>
<status status="PASS" starttime="20211214 09:59:54.960" endtime="20211214 09:59:55.075"/>
</kw>
<kw name="Sleep" library="BuiltIn">
<arg>3</arg>
<doc>Pauses the test executed for the given time.</doc>
<msg timestamp="20211214 09:59:58.084" level="INFO">Slept 3 seconds</msg>
<status status="PASS" starttime="20211214 09:59:55.075" endtime="20211214 09:59:58.084"/>
</kw>
<kw name="Click Element" library="SeleniumLibrary">
<arg>${COOKIES}</arg>
<doc>Click the element identified by ``locator``.</doc>
<msg timestamp="20211214 09:59:58.085" level="INFO">Clicking element 'css=#confirmPolicyButton'.</msg>
<status status="PASS" starttime="20211214 09:59:58.084" endtime="20211214 09:59:58.153"/>
</kw>
<status status="PASS" starttime="20211214 09:59:49.582" endtime="20211214 09:59:58.154"/>
</kw>
<kw name="Pesquisar por &quot;Amarelo é desespero&quot; e selecionar a primeira opção da lista de resultados" library="Chico">
<kw name="Input Text" library="SeleniumLibrary">
<arg>${CAMPO}</arg>
<arg>${PESQUISA1}</arg>
<doc>Types the given ``text`` into the text field identified by ``locator``.</doc>
<msg timestamp="20211214 09:59:58.155" level="INFO">Typing text 'Amarelo é desespero' into text field 'css=#header-search-input-desktop'.</msg>
<status status="PASS" starttime="20211214 09:59:58.155" endtime="20211214 09:59:58.296"/>
</kw>
<kw name="Wait Until Element Is Visible" library="SeleniumLibrary">
<arg>${OFERTA}</arg>
<doc>Waits until the element ``locator`` is visible.</doc>
<status status="PASS" starttime="20211214 09:59:58.297" endtime="20211214 09:59:58.557"/>
</kw>
<kw name="Click Element" library="SeleniumLibrary">
<arg>${OFERTA}</arg>
<doc>Click the element identified by ``locator``.</doc>
<msg timestamp="20211214 09:59:58.557" level="INFO">Clicking element 'css=#header-search-desktop &gt; form &gt; div &gt; div &gt; div &gt; div:nth-child(1) &gt; div &gt; div.search-result-thumb.flex-child-fixed &gt; img'.</msg>
<status status="PASS" starttime="20211214 09:59:58.557" endtime="20211214 10:00:02.514"/>
</kw>
<status status="PASS" starttime="20211214 09:59:58.154" endtime="20211214 10:00:02.515"/>
</kw>
<kw name="Validar se o valor do produto é &quot;R$ 69,90&quot;" library="Chico">
<kw name="Wait Until Element Is Visible" library="SeleniumLibrary">
<arg>${VALOR}</arg>
<doc>Waits until the element ``locator`` is visible.</doc>
<status status="PASS" starttime="20211214 10:00:02.516" endtime="20211214 10:00:02.569"/>
</kw>
<kw name="Element Should Contain" library="SeleniumLibrary">
<arg>${VALOR}</arg>
<arg>${PRECO}</arg>
<doc>Verifies that element ``locator`` contains text ``expected``.</doc>
<msg timestamp="20211214 10:00:02.592" level="INFO">Element 'css=#product-main-right &gt; div:nth-child(1) &gt; div.product-price.text-yanone &gt; div &gt; p.h2.text-accent.mx-0.my-0.mr.flex-child-fixed.text-bold' contains text 'R$ 69,90'.</msg>
<status status="PASS" starttime="20211214 10:00:02.569" endtime="20211214 10:00:02.592"/>
</kw>
<status status="PASS" starttime="20211214 10:00:02.515" endtime="20211214 10:00:02.592"/>
</kw>
<kw name="Selecionar um tamanho, cor e clicar em comprar caso 2" library="Chico">
<kw name="Wait Until Element Is Visible" library="SeleniumLibrary">
<arg>${TAMANHO1}</arg>
<doc>Waits until the element ``locator`` is visible.</doc>
<kw name="Capture Page Screenshot" library="SeleniumLibrary">
<doc>Takes a screenshot of the current page and embeds it into a log file.</doc>
<msg timestamp="20211214 10:00:08.225" level="INFO" html="true">&lt;/td&gt;&lt;/tr&gt;&lt;tr&gt;&lt;td colspan="3"&gt;&lt;a href="selenium-screenshot-13.png"&gt;&lt;img src="selenium-screenshot-13.png" width="800px"&gt;&lt;/a&gt;</msg>
<status status="PASS" starttime="20211214 10:00:07.805" endtime="20211214 10:00:08.225"/>
</kw>
<msg timestamp="20211214 10:00:08.226" level="FAIL">Element 'css=#product-variations &gt; div.text-yanone &gt; div &gt; div:nth-child(3) &gt; nav &gt; div:nth-child(1)' not visible after 5 seconds.</msg>
<status status="FAIL" starttime="20211214 10:00:02.593" endtime="20211214 10:00:08.226"/>
</kw>
<kw name="Click Element" library="SeleniumLibrary">
<arg>${TAMANHO1}</arg>
<doc>Click the element identified by ``locator``.</doc>
<status status="NOT RUN" starttime="20211214 10:00:08.227" endtime="20211214 10:00:08.227"/>
</kw>
<kw name="Click Element" library="SeleniumLibrary">
<arg>${COR1}</arg>
<doc>Click the element identified by ``locator``.</doc>
<status status="NOT RUN" starttime="20211214 10:00:08.227" endtime="20211214 10:00:08.227"/>
</kw>
<kw name="Click Element" library="SeleniumLibrary">
<arg>${COMPRAR}</arg>
<doc>Click the element identified by ``locator``.</doc>
<status status="NOT RUN" starttime="20211214 10:00:08.227" endtime="20211214 10:00:08.227"/>
</kw>
<status status="FAIL" starttime="20211214 10:00:02.593" endtime="20211214 10:00:08.227"/>
</kw>
<kw name="Clicar em &quot;Ver sacola&quot;" library="Chico">
<status status="NOT RUN" starttime="20211214 10:00:08.228" endtime="20211214 10:00:08.228"/>
</kw>
<kw name="Validar se a mensagem &quot;Adquira o Chico Rei Prime para desfrutar de frete grátis por 1 ano em todos os pedidos, sem valor mínimo.&quot; está sendo exibida" library="Chico">
<status status="NOT RUN" starttime="20211214 10:00:08.229" endtime="20211214 10:00:08.229"/>
</kw>
<kw name="Clicar em &quot;Fechar pedido&quot;" library="Chico">
<status status="NOT RUN" starttime="20211214 10:00:08.230" endtime="20211214 10:00:08.230"/>
</kw>
<status status="FAIL" starttime="20211214 09:59:49.581" endtime="20211214 10:00:08.230">Element 'css=#product-variations &gt; div.text-yanone &gt; div &gt; div:nth-child(3) &gt; nav &gt; div:nth-child(1)' not visible after 5 seconds.</status>
</test>
<test id="s1-t3" name="Processo de compra de uma camiseta &quot;Erarr é humano&quot; no site do Chico Rei">
<kw name="Clicar em &quot;Concordar&quot; no aviso sobre Cookies" library="Chico">
<kw name="Open Browser" library="SeleniumLibrary">
<arg>${SITE}</arg>
<arg>${NAVEGADOR}</arg>
<doc>Opens a new browser instance to the optional ``url``.</doc>
<msg timestamp="20211214 10:00:08.235" level="INFO">Opening browser 'Chrome' to base url 'https://chicorei.com/'.</msg>
<status status="PASS" starttime="20211214 10:00:08.235" endtime="20211214 10:00:12.106"/>
</kw>
<kw name="Maximize Browser Window" library="SeleniumLibrary">
<doc>Maximizes current browser window.</doc>
<status status="PASS" starttime="20211214 10:00:12.106" endtime="20211214 10:00:12.233"/>
</kw>
<kw name="Sleep" library="BuiltIn">
<arg>3</arg>
<doc>Pauses the test executed for the given time.</doc>
<msg timestamp="20211214 10:00:15.247" level="INFO">Slept 3 seconds</msg>
<status status="PASS" starttime="20211214 10:00:12.233" endtime="20211214 10:00:15.247"/>
</kw>
<kw name="Click Element" library="SeleniumLibrary">
<arg>${COOKIES}</arg>
<doc>Click the element identified by ``locator``.</doc>
<msg timestamp="20211214 10:00:15.248" level="INFO">Clicking element 'css=#confirmPolicyButton'.</msg>
<status status="PASS" starttime="20211214 10:00:15.247" endtime="20211214 10:00:15.322"/>
</kw>
<status status="PASS" starttime="20211214 10:00:08.234" endtime="20211214 10:00:15.323"/>
</kw>
<kw name="Pesquisar por &quot;Erarr&quot; e selecionar a primeira opção da lista de resultados" library="Chico">
<kw name="Input Text" library="SeleniumLibrary">
<arg>${CAMPO}</arg>
<arg>${PESQUISA2}</arg>
<doc>Types the given ``text`` into the text field identified by ``locator``.</doc>
<msg timestamp="20211214 10:00:15.324" level="INFO">Typing text 'Erarr' into text field 'css=#header-search-input-desktop'.</msg>
<status status="PASS" starttime="20211214 10:00:15.324" endtime="20211214 10:00:15.419"/>
</kw>
<kw name="Wait Until Element Is Visible" library="SeleniumLibrary">
<arg>${OFERTA}</arg>
<doc>Waits until the element ``locator`` is visible.</doc>
<status status="PASS" starttime="20211214 10:00:15.419" endtime="20211214 10:00:15.895"/>
</kw>
<kw name="Click Element" library="SeleniumLibrary">
<arg>${OFERTA}</arg>
<doc>Click the element identified by ``locator``.</doc>
<msg timestamp="20211214 10:00:15.896" level="INFO">Clicking element 'css=#header-search-desktop &gt; form &gt; div &gt; div &gt; div &gt; div:nth-child(1) &gt; div &gt; div.search-result-thumb.flex-child-fixed &gt; img'.</msg>
<status status="PASS" starttime="20211214 10:00:15.895" endtime="20211214 10:00:17.325"/>
</kw>
<status status="PASS" starttime="20211214 10:00:15.323" endtime="20211214 10:00:17.325"/>
</kw>
<kw name="Validar se o valor do produto é &quot;R$ 69,90&quot;" library="Chico">
<kw name="Wait Until Element Is Visible" library="SeleniumLibrary">
<arg>${VALOR}</arg>
<doc>Waits until the element ``locator`` is visible.</doc>
<status status="PASS" starttime="20211214 10:00:17.326" endtime="20211214 10:00:17.509"/>
</kw>
<kw name="Element Should Contain" library="SeleniumLibrary">
<arg>${VALOR}</arg>
<arg>${PRECO}</arg>
<doc>Verifies that element ``locator`` contains text ``expected``.</doc>
<msg timestamp="20211214 10:00:17.531" level="INFO">Element 'css=#product-main-right &gt; div:nth-child(1) &gt; div.product-price.text-yanone &gt; div &gt; p.h2.text-accent.mx-0.my-0.mr.flex-child-fixed.text-bold' contains text 'R$ 69,90'.</msg>
<status status="PASS" starttime="20211214 10:00:17.509" endtime="20211214 10:00:17.531"/>
</kw>
<status status="PASS" starttime="20211214 10:00:17.326" endtime="20211214 10:00:17.531"/>
</kw>
<kw name="Selecionar um tamanho, cor e clicar em comprar caso 3" library="Chico">
<kw name="Wait Until Element Is Visible" library="SeleniumLibrary">
<arg>${TAMANHO}</arg>
<doc>Waits until the element ``locator`` is visible.</doc>
<status status="PASS" starttime="20211214 10:00:17.532" endtime="20211214 10:00:17.591"/>
</kw>
<kw name="Click Element" library="SeleniumLibrary">
<arg>${TAMANHO}</arg>
<doc>Click the element identified by ``locator``.</doc>
<msg timestamp="20211214 10:00:17.591" level="INFO">Clicking element 'css=#product-variations &gt; div.text-yanone &gt; div &gt; div:nth-child(4) &gt; nav &gt; div:nth-child(2)'.</msg>
<status status="PASS" starttime="20211214 10:00:17.591" endtime="20211214 10:00:17.773"/>
</kw>
<kw name="Click Element" library="SeleniumLibrary">
<arg>${COR2}</arg>
<doc>Click the element identified by ``locator``.</doc>
<msg timestamp="20211214 10:00:17.774" level="INFO">Clicking element 'css=#product-variations &gt; div.text-yanone &gt; div &gt; div:nth-child(6) &gt; nav &gt; div:nth-child(4) &gt; div'.</msg>
<status status="PASS" starttime="20211214 10:00:17.773" endtime="20211214 10:00:17.844"/>
</kw>
<kw name="Click Element" library="SeleniumLibrary">
<arg>${COMPRAR}</arg>
<doc>Click the element identified by ``locator``.</doc>
<msg timestamp="20211214 10:00:17.845" level="INFO">Clicking element 'css=#product-buy-button-container &gt; button'.</msg>
<status status="PASS" starttime="20211214 10:00:17.844" endtime="20211214 10:00:17.915"/>
</kw>
<status status="PASS" starttime="20211214 10:00:17.532" endtime="20211214 10:00:17.915"/>
</kw>
<kw name="Clicar em &quot;Ver sacola&quot;" library="Chico">
<kw name="Wait Until Element Is Visible" library="SeleniumLibrary">
<arg>${SACOLA}</arg>
<doc>Waits until the element ``locator`` is visible.</doc>
<kw name="Capture Page Screenshot" library="SeleniumLibrary">
<doc>Takes a screenshot of the current page and embeds it into a log file.</doc>
<msg timestamp="20211214 10:00:23.589" level="INFO" html="true">&lt;/td&gt;&lt;/tr&gt;&lt;tr&gt;&lt;td colspan="3"&gt;&lt;a href="selenium-screenshot-14.png"&gt;&lt;img src="selenium-screenshot-14.png" width="800px"&gt;&lt;/a&gt;</msg>
<status status="PASS" starttime="20211214 10:00:23.141" endtime="20211214 10:00:23.589"/>
</kw>
<msg timestamp="20211214 10:00:23.589" level="FAIL">Element 'css=#header-cart-popover &gt; div &gt; div.text-center &gt; a.btn.btn-lg.mb' not visible after 5 seconds.</msg>
<status status="FAIL" starttime="20211214 10:00:17.917" endtime="20211214 10:00:23.589"/>
</kw>
<kw name="Click Element" library="SeleniumLibrary">
<arg>${SACOLA}</arg>
<doc>Click the element identified by ``locator``.</doc>
<status status="NOT RUN" starttime="20211214 10:00:23.590" endtime="20211214 10:00:23.590"/>
</kw>
<status status="FAIL" starttime="20211214 10:00:17.916" endtime="20211214 10:00:23.590"/>
</kw>
<kw name="Validar se a mensagem &quot;De segunda a sexta, das 8h às 20h.&quot; está sendo exibida" library="Chico">
<status status="NOT RUN" starttime="20211214 10:00:23.591" endtime="20211214 10:00:23.591"/>
</kw>
<kw name="Clicar em &quot;Fechar pedido&quot;" library="Chico">
<status status="NOT RUN" starttime="20211214 10:00:23.591" endtime="20211214 10:00:23.592"/>
</kw>
<status status="FAIL" starttime="20211214 10:00:08.233" endtime="20211214 10:00:23.592">Element 'css=#header-cart-popover &gt; div &gt; div.text-center &gt; a.btn.btn-lg.mb' not visible after 5 seconds.</status>
</test>
<test id="s1-t4" name="Processo de compra de uma camiseta &quot;Nem Te Vi&quot; no site do Chico Rei">
<kw name="Clicar em &quot;Concordar&quot; no aviso sobre Cookies" library="Chico">
<kw name="Open Browser" library="SeleniumLibrary">
<arg>${SITE}</arg>
<arg>${NAVEGADOR}</arg>
<doc>Opens a new browser instance to the optional ``url``.</doc>
<msg timestamp="20211214 10:00:23.595" level="INFO">Opening browser 'Chrome' to base url 'https://chicorei.com/'.</msg>
<status status="PASS" starttime="20211214 10:00:23.595" endtime="20211214 10:00:29.271"/>
</kw>
<kw name="Maximize Browser Window" library="SeleniumLibrary">
<doc>Maximizes current browser window.</doc>
<status status="PASS" starttime="20211214 10:00:29.271" endtime="20211214 10:00:29.412"/>
</kw>
<kw name="Sleep" library="BuiltIn">
<arg>3</arg>
<doc>Pauses the test executed for the given time.</doc>
<msg timestamp="20211214 10:00:32.418" level="INFO">Slept 3 seconds</msg>
<status status="PASS" starttime="20211214 10:00:29.412" endtime="20211214 10:00:32.418"/>
</kw>
<kw name="Click Element" library="SeleniumLibrary">
<arg>${COOKIES}</arg>
<doc>Click the element identified by ``locator``.</doc>
<msg timestamp="20211214 10:00:32.418" level="INFO">Clicking element 'css=#confirmPolicyButton'.</msg>
<status status="PASS" starttime="20211214 10:00:32.418" endtime="20211214 10:00:32.482"/>
</kw>
<status status="PASS" starttime="20211214 10:00:23.595" endtime="20211214 10:00:32.482"/>
</kw>
<kw name="Pesquisar por &quot;Nem Te Vi&quot; e selecionar a primeira opção da lista de resultados" library="Chico">
<kw name="Input Text" library="SeleniumLibrary">
<arg>${CAMPO}</arg>
<arg>${PESQUISA3}</arg>
<doc>Types the given ``text`` into the text field identified by ``locator``.</doc>
<msg timestamp="20211214 10:00:32.484" level="INFO">Typing text 'Nem te vi' into text field 'css=#header-search-input-desktop'.</msg>
<status status="PASS" starttime="20211214 10:00:32.483" endtime="20211214 10:00:32.585"/>
</kw>
<kw name="Wait Until Element Is Visible" library="SeleniumLibrary">
<arg>${OFERTA}</arg>
<doc>Waits until the element ``locator`` is visible.</doc>
<status status="PASS" starttime="20211214 10:00:32.585" endtime="20211214 10:00:33.050"/>
</kw>
<kw name="Click Element" library="SeleniumLibrary">
<arg>${OFERTA}</arg>
<doc>Click the element identified by ``locator``.</doc>
<msg timestamp="20211214 10:00:33.050" level="INFO">Clicking element 'css=#header-search-desktop &gt; form &gt; div &gt; div &gt; div &gt; div:nth-child(1) &gt; div &gt; div.search-result-thumb.flex-child-fixed &gt; img'.</msg>
<status status="PASS" starttime="20211214 10:00:33.050" endtime="20211214 10:00:34.309"/>
</kw>
<status status="PASS" starttime="20211214 10:00:32.483" endtime="20211214 10:00:34.310"/>
</kw>
<kw name="Validar se o valor do produto é &quot;R$ 69,90&quot;" library="Chico">
<kw name="Wait Until Element Is Visible" library="SeleniumLibrary">
<arg>${VALOR}</arg>
<doc>Waits until the element ``locator`` is visible.</doc>
<status status="PASS" starttime="20211214 10:00:34.312" endtime="20211214 10:00:34.440"/>
</kw>
<kw name="Element Should Contain" library="SeleniumLibrary">
<arg>${VALOR}</arg>
<arg>${PRECO}</arg>
<doc>Verifies that element ``locator`` contains text ``expected``.</doc>
<msg timestamp="20211214 10:00:34.472" level="INFO">Element 'css=#product-main-right &gt; div:nth-child(1) &gt; div.product-price.text-yanone &gt; div &gt; p.h2.text-accent.mx-0.my-0.mr.flex-child-fixed.text-bold' contains text 'R$ 69,90'.</msg>
<status status="PASS" starttime="20211214 10:00:34.440" endtime="20211214 10:00:34.472"/>
</kw>
<status status="PASS" starttime="20211214 10:00:34.311" endtime="20211214 10:00:34.473"/>
</kw>
<kw name="Selecionar um tamanho, cor e clicar em comprar" library="Chico">
<kw name="Wait Until Element Is Visible" library="SeleniumLibrary">
<arg>${TAMANHO}</arg>
<doc>Waits until the element ``locator`` is visible.</doc>
<status status="PASS" starttime="20211214 10:00:34.473" endtime="20211214 10:00:34.503"/>
</kw>
<kw name="Click Element" library="SeleniumLibrary">
<arg>${TAMANHO}</arg>
<doc>Click the element identified by ``locator``.</doc>
<msg timestamp="20211214 10:00:34.504" level="INFO">Clicking element 'css=#product-variations &gt; div.text-yanone &gt; div &gt; div:nth-child(4) &gt; nav &gt; div:nth-child(2)'.</msg>
<status status="PASS" starttime="20211214 10:00:34.503" endtime="20211214 10:00:34.635"/>
</kw>
<kw name="Click Element" library="SeleniumLibrary">
<arg>${COR}</arg>
<doc>Click the element identified by ``locator``.</doc>
<msg timestamp="20211214 10:00:34.636" level="INFO">Clicking element 'css=#product-variations &gt; div.text-yanone &gt; div &gt; div:nth-child(6) &gt; nav &gt; div:nth-child(1) &gt; div.product-color-option'.</msg>
<status status="PASS" starttime="20211214 10:00:34.636" endtime="20211214 10:00:34.698"/>
</kw>
<kw name="Click Element" library="SeleniumLibrary">
<arg>${COMPRAR}</arg>
<doc>Click the element identified by ``locator``.</doc>
<msg timestamp="20211214 10:00:34.699" level="INFO">Clicking element 'css=#product-buy-button-container &gt; button'.</msg>
<status status="PASS" starttime="20211214 10:00:34.698" endtime="20211214 10:00:34.787"/>
</kw>
<status status="PASS" starttime="20211214 10:00:34.473" endtime="20211214 10:00:34.787"/>
</kw>
<kw name="Clicar em &quot;Ver sacola&quot;" library="Chico">
<kw name="Wait Until Element Is Visible" library="SeleniumLibrary">
<arg>${SACOLA}</arg>
<doc>Waits until the element ``locator`` is visible.</doc>
<status status="PASS" starttime="20211214 10:00:34.788" endtime="20211214 10:00:35.264"/>
</kw>
<kw name="Click Element" library="SeleniumLibrary">
<arg>${SACOLA}</arg>
<doc>Click the element identified by ``locator``.</doc>
<msg timestamp="20211214 10:00:35.264" level="INFO">Clicking element 'css=#header-cart-popover &gt; div &gt; div.text-center &gt; a.btn.btn-lg.mb'.</msg>
<status status="PASS" starttime="20211214 10:00:35.264" endtime="20211214 10:00:35.307"/>
</kw>
<status status="PASS" starttime="20211214 10:00:34.788" endtime="20211214 10:00:35.308"/>
</kw>
<kw name="Validar se a mensagem &quot;Compre parcelado com cartão ou a vista com boleto ou depósito&quot; está sendo exibida" library="Chico">
<kw name="Wait Until Element Is Visible" library="SeleniumLibrary">
<arg>${MSG3}</arg>
<doc>Waits until the element ``locator`` is visible.</doc>
<status status="PASS" starttime="20211214 10:00:35.309" endtime="20211214 10:00:35.333"/>
</kw>
<kw name="Element Should Contain" library="SeleniumLibrary">
<arg>${MSG3}</arg>
<arg>${TEXTO_04}</arg>
<doc>Verifies that element ``locator`` contains text ``expected``.</doc>
<msg timestamp="20211214 10:00:35.352" level="INFO">Element 'css=#footer-advantages &gt; div.footer-advantages-items.hidden-wholesaler &gt; div:nth-child(3) &gt; div &gt; p:nth-child(2)' contains text 'Compre parcelado com cartão ou a vista com boleto ou depósito'.</msg>
<status status="PASS" starttime="20211214 10:00:35.333" endtime="20211214 10:00:35.352"/>
</kw>
<status status="PASS" starttime="20211214 10:00:35.308" endtime="20211214 10:00:35.352"/>
</kw>
<kw name="Clicar em &quot;Fechar pedido&quot;" library="Chico">
<kw name="Wait Until Element Is Visible" library="SeleniumLibrary">
<arg>${FECHAR}</arg>
<doc>Waits until the element ``locator`` is visible.</doc>
<kw name="Capture Page Screenshot" library="SeleniumLibrary">
<doc>Takes a screenshot of the current page and embeds it into a log file.</doc>
<msg timestamp="20211214 10:00:40.833" level="INFO" html="true">&lt;/td&gt;&lt;/tr&gt;&lt;tr&gt;&lt;td colspan="3"&gt;&lt;a href="selenium-screenshot-15.png"&gt;&lt;img src="selenium-screenshot-15.png" width="800px"&gt;&lt;/a&gt;</msg>
<status status="PASS" starttime="20211214 10:00:40.354" endtime="20211214 10:00:40.833"/>
</kw>
<msg timestamp="20211214 10:00:40.834" level="FAIL">Element 'css=#cart-finish &gt; button.btn.btn-xl.btn-wide.mt.hidden-xs-down' not visible after 5 seconds.</msg>
<status status="FAIL" starttime="20211214 10:00:35.353" endtime="20211214 10:00:40.834"/>
</kw>
<kw name="Click Element" library="SeleniumLibrary">
<arg>${FECHAR}</arg>
<doc>Click the element identified by ``locator``.</doc>
<status status="NOT RUN" starttime="20211214 10:00:40.834" endtime="20211214 10:00:40.834"/>
</kw>
<status status="FAIL" starttime="20211214 10:00:35.353" endtime="20211214 10:00:40.834"/>
</kw>
<status status="FAIL" starttime="20211214 10:00:23.594" endtime="20211214 10:00:40.835">Element 'css=#cart-finish &gt; button.btn.btn-xl.btn-wide.mt.hidden-xs-down' not visible after 5 seconds.</status>
</test>
<test id="s1-t5" name="Processo de compra de uma camiseta &quot;Alceu Dispor&quot; no site do Chico Rei">
<kw name="Clicar em &quot;Concordar&quot; no aviso sobre Cookies" library="Chico">
<kw name="Open Browser" library="SeleniumLibrary">
<arg>${SITE}</arg>
<arg>${NAVEGADOR}</arg>
<doc>Opens a new browser instance to the optional ``url``.</doc>
<msg timestamp="20211214 10:00:40.838" level="INFO">Opening browser 'Chrome' to base url 'https://chicorei.com/'.</msg>
<status status="PASS" starttime="20211214 10:00:40.838" endtime="20211214 10:00:44.690"/>
</kw>
<kw name="Maximize Browser Window" library="SeleniumLibrary">
<doc>Maximizes current browser window.</doc>
<status status="PASS" starttime="20211214 10:00:44.690" endtime="20211214 10:00:44.836"/>
</kw>
<kw name="Sleep" library="BuiltIn">
<arg>3</arg>
<doc>Pauses the test executed for the given time.</doc>
<msg timestamp="20211214 10:00:47.841" level="INFO">Slept 3 seconds</msg>
<status status="PASS" starttime="20211214 10:00:44.837" endtime="20211214 10:00:47.841"/>
</kw>
<kw name="Click Element" library="SeleniumLibrary">
<arg>${COOKIES}</arg>
<doc>Click the element identified by ``locator``.</doc>
<msg timestamp="20211214 10:00:47.842" level="INFO">Clicking element 'css=#confirmPolicyButton'.</msg>
<status status="PASS" starttime="20211214 10:00:47.841" endtime="20211214 10:00:47.905"/>
</kw>
<status status="PASS" starttime="20211214 10:00:40.838" endtime="20211214 10:00:47.905"/>
</kw>
<kw name="Pesquisar por &quot;Alceu Dispor&quot; e selecionar a primeira opção da lista de resultados" library="Chico">
<kw name="Input Text" library="SeleniumLibrary">
<arg>${CAMPO}</arg>
<arg>${PESQUISA4}</arg>
<doc>Types the given ``text`` into the text field identified by ``locator``.</doc>
<msg timestamp="20211214 10:00:47.906" level="INFO">Typing text 'Alceu dispor' into text field 'css=#header-search-input-desktop'.</msg>
<status status="PASS" starttime="20211214 10:00:47.906" endtime="20211214 10:00:48.012"/>
</kw>
<kw name="Wait Until Element Is Visible" library="SeleniumLibrary">
<arg>${OFERTA}</arg>
<doc>Waits until the element ``locator`` is visible.</doc>
<status status="PASS" starttime="20211214 10:00:48.012" endtime="20211214 10:00:48.473"/>
</kw>
<kw name="Click Element" library="SeleniumLibrary">
<arg>${OFERTA}</arg>
<doc>Click the element identified by ``locator``.</doc>
<msg timestamp="20211214 10:00:48.473" level="INFO">Clicking element 'css=#header-search-desktop &gt; form &gt; div &gt; div &gt; div &gt; div:nth-child(1) &gt; div &gt; div.search-result-thumb.flex-child-fixed &gt; img'.</msg>
<status status="PASS" starttime="20211214 10:00:48.473" endtime="20211214 10:00:49.796"/>
</kw>
<status status="PASS" starttime="20211214 10:00:47.905" endtime="20211214 10:00:49.797"/>
</kw>
<kw name="Validar se o valor do produto é &quot;R$ 69,90&quot;" library="Chico">
<kw name="Wait Until Element Is Visible" library="SeleniumLibrary">
<arg>${VALOR}</arg>
<doc>Waits until the element ``locator`` is visible.</doc>
<status status="PASS" starttime="20211214 10:00:49.798" endtime="20211214 10:00:49.869"/>
</kw>
<kw name="Element Should Contain" library="SeleniumLibrary">
<arg>${VALOR}</arg>
<arg>${PRECO}</arg>
<doc>Verifies that element ``locator`` contains text ``expected``.</doc>
<msg timestamp="20211214 10:00:49.886" level="INFO">Element 'css=#product-main-right &gt; div:nth-child(1) &gt; div.product-price.text-yanone &gt; div &gt; p.h2.text-accent.mx-0.my-0.mr.flex-child-fixed.text-bold' contains text 'R$ 69,90'.</msg>
<status status="PASS" starttime="20211214 10:00:49.869" endtime="20211214 10:00:49.886"/>
</kw>
<status status="PASS" starttime="20211214 10:00:49.797" endtime="20211214 10:00:49.887"/>
</kw>
<kw name="Selecionar um tamanho, cor e clicar em comprar" library="Chico">
<kw name="Wait Until Element Is Visible" library="SeleniumLibrary">
<arg>${TAMANHO}</arg>
<doc>Waits until the element ``locator`` is visible.</doc>
<status status="PASS" starttime="20211214 10:00:49.888" endtime="20211214 10:00:49.925"/>
</kw>
<kw name="Click Element" library="SeleniumLibrary">
<arg>${TAMANHO}</arg>
<doc>Click the element identified by ``locator``.</doc>
<msg timestamp="20211214 10:00:49.926" level="INFO">Clicking element 'css=#product-variations &gt; div.text-yanone &gt; div &gt; div:nth-child(4) &gt; nav &gt; div:nth-child(2)'.</msg>
<status status="PASS" starttime="20211214 10:00:49.925" endtime="20211214 10:00:50.010"/>
</kw>
<kw name="Click Element" library="SeleniumLibrary">
<arg>${COR}</arg>
<doc>Click the element identified by ``locator``.</doc>
<msg timestamp="20211214 10:00:50.011" level="INFO">Clicking element 'css=#product-variations &gt; div.text-yanone &gt; div &gt; div:nth-child(6) &gt; nav &gt; div:nth-child(1) &gt; div.product-color-option'.</msg>
<status status="PASS" starttime="20211214 10:00:50.010" endtime="20211214 10:00:50.131"/>
</kw>
<kw name="Click Element" library="SeleniumLibrary">
<arg>${COMPRAR}</arg>
<doc>Click the element identified by ``locator``.</doc>
<msg timestamp="20211214 10:00:50.131" level="INFO">Clicking element 'css=#product-buy-button-container &gt; button'.</msg>
<status status="PASS" starttime="20211214 10:00:50.131" endtime="20211214 10:00:50.235"/>
</kw>
<status status="PASS" starttime="20211214 10:00:49.887" endtime="20211214 10:00:50.235"/>
</kw>
<kw name="Clicar em &quot;Ver sacola&quot;" library="Chico">
<kw name="Wait Until Element Is Visible" library="SeleniumLibrary">
<arg>${SACOLA}</arg>
<doc>Waits until the element ``locator`` is visible.</doc>
<status status="PASS" starttime="20211214 10:00:50.236" endtime="20211214 10:00:50.729"/>
</kw>
<kw name="Click Element" library="SeleniumLibrary">
<arg>${SACOLA}</arg>
<doc>Click the element identified by ``locator``.</doc>
<msg timestamp="20211214 10:00:50.730" level="INFO">Clicking element 'css=#header-cart-popover &gt; div &gt; div.text-center &gt; a.btn.btn-lg.mb'.</msg>
<status status="PASS" starttime="20211214 10:00:50.729" endtime="20211214 10:00:51.399"/>
</kw>
<status status="PASS" starttime="20211214 10:00:50.236" endtime="20211214 10:00:51.399"/>
</kw>
<kw name="Validar se a mensagem &quot;Sua primeira troca na Chico Rei é por nossa conta!&quot; está sendo exibida" library="Chico">
<kw name="Wait Until Element Is Visible" library="SeleniumLibrary">
<arg>${MSG4}</arg>
<doc>Waits until the element ``locator`` is visible.</doc>
<status status="PASS" starttime="20211214 10:00:51.400" endtime="20211214 10:00:51.448"/>
</kw>
<kw name="Element Should Contain" library="SeleniumLibrary">
<arg>${MSG4}</arg>
<arg>${TEXTO_05}</arg>
<doc>Verifies that element ``locator`` contains text ``expected``.</doc>
<msg timestamp="20211214 10:00:51.466" level="INFO">Element 'css=#footer-advantages &gt; div.footer-advantages-items.hidden-wholesaler &gt; div:nth-child(2) &gt; div' contains text 'Sua primeira troca na Chico Rei é por nossa conta!'.</msg>
<status status="PASS" starttime="20211214 10:00:51.448" endtime="20211214 10:00:51.466"/>
</kw>
<status status="PASS" starttime="20211214 10:00:51.400" endtime="20211214 10:00:51.466"/>
</kw>
<kw name="Clicar em &quot;Fechar pedido&quot;" library="Chico">
<kw name="Wait Until Element Is Visible" library="SeleniumLibrary">
<arg>${FECHAR}</arg>
<doc>Waits until the element ``locator`` is visible.</doc>
<status status="PASS" starttime="20211214 10:00:51.466" endtime="20211214 10:00:51.715"/>
</kw>
<kw name="Click Element" library="SeleniumLibrary">
<arg>${FECHAR}</arg>
<doc>Click the element identified by ``locator``.</doc>
<msg timestamp="20211214 10:00:51.716" level="INFO">Clicking element 'css=#cart-finish &gt; button.btn.btn-xl.btn-wide.mt.hidden-xs-down'.</msg>
<status status="PASS" starttime="20211214 10:00:51.716" endtime="20211214 10:00:53.042"/>
</kw>
<status status="PASS" starttime="20211214 10:00:51.466" endtime="20211214 10:00:53.043"/>
</kw>
<status status="PASS" starttime="20211214 10:00:40.837" endtime="20211214 10:00:53.043"/>
</test>
<status status="FAIL" starttime="20211214 09:59:32.926" endtime="20211214 10:00:53.045"/>
</suite>
<statistics>
<total>
<stat pass="1" fail="4" skip="0">All Tests</stat>
</total>
<tag>
</tag>
<suite>
<stat pass="1" fail="4" skip="0" id="s1" name="Chico">Chico</stat>
</suite>
</statistics>
<errors>
</errors>
</robot>
